../encoder/mcufont import_ttf DejaVuSans.ttf 12
Importing DejaVuSans.ttf to DejaVuSans12.dat
Done: 5208 unique glyphs.
../encoder/mcufont filter DejaVuSans12.dat 0-255 0x2010-0x2015
Font originally had 5208 glyphs.
After filtering, 193 glyphs remain.
../encoder/mcufont rlefont_optimize DejaVuSans12.dat 50
Original size is 10168 bytes
Press ctrl-C at any time to stop.
Results are saved automatically after each iteration.
Limit is 50 iterations
iteration 1, size 7202 bytes, speed 88980 B/min
iteration 2, size 6699 bytes, speed 104070 B/min
iteration 3, size 6454 bytes, speed 111420 B/min
iteration 4, size 6250 bytes, speed 78360 B/min
iteration 5, size 6111 bytes, speed 81140 B/min
iteration 6, size 5988 bytes, speed 62700 B/min
iteration 7, size 5930 bytes, speed 63570 B/min
iteration 8, size 5863 bytes, speed 51660 B/min
iteration 9, size 5762 bytes, speed 52872 B/min
iteration 10, size 5733 bytes, speed 44350 B/min
iteration 11, size 5688 bytes, speed 44800 B/min
iteration 12, size 5672 bytes, speed 38537 B/min
iteration 13, size 5651 bytes, speed 38717 B/min
iteration 14, size 5619 bytes, speed 38991 B/min
iteration 15, size 5603 bytes, speed 34237 B/min
iteration 16, size 5584 bytes, speed 34380 B/min
iteration 17, size 5578 bytes, speed 30600 B/min
iteration 18, size 5573 bytes, speed 30633 B/min
iteration 19, size 5568 bytes, speed 27600 B/min
iteration 20, size 5559 bytes, speed 27654 B/min
iteration 21, size 5543 bytes, speed 25227 B/min
iteration 22, size 5526 bytes, speed 25320 B/min
iteration 23, size 5521 bytes, speed 23235 B/min
iteration 24, size 5515 bytes, speed 23265 B/min
iteration 25, size 5508 bytes, speed 21507 B/min
iteration 26, size 5506 bytes, speed 21516 B/min
iteration 27, size 5488 bytes, speed 20057 B/min
iteration 28, size 5483 bytes, speed 20078 B/min
iteration 29, size 5476 bytes, speed 18768 B/min
iteration 30, size 5476 bytes, speed 18768 B/min
iteration 31, size 5475 bytes, speed 17598 B/min
iteration 32, size 5474 bytes, speed 17602 B/min
iteration 33, size 5472 bytes, speed 16574 B/min
iteration 34, size 5466 bytes, speed 16595 B/min
iteration 35, size 5461 bytes, speed 15690 B/min
iteration 36, size 5458 bytes, speed 15700 B/min
iteration 37, size 5454 bytes, speed 14886 B/min
iteration 38, size 5454 bytes, speed 14886 B/min
iteration 39, size 5453 bytes, speed 14145 B/min
iteration 40, size 5453 bytes, speed 14145 B/min
iteration 41, size 5449 bytes, speed 13482 B/min
iteration 42, size 5448 bytes, speed 13485 B/min
iteration 43, size 5446 bytes, speed 12878 B/min
iteration 44, size 5441 bytes, speed 12891 B/min
iteration 45, size 5437 bytes, speed 12341 B/min
iteration 46, size 5433 bytes, speed 12352 B/min
iteration 47, size 5433 bytes, speed 11837 B/min
iteration 48, size 5431 bytes, speed 11842 B/min
iteration 49, size 5426 bytes, speed 11380 B/min
iteration 50, size 5426 bytes, speed 11380 B/min
../encoder/mcufont rlefont_export DejaVuSans12.dat
Wrote DejaVuSans12.c
../encoder/mcufont import_ttf DejaVuSans.ttf 12 bw
Importing DejaVuSans.ttf to DejaVuSans12bw.dat
Done: 5168 unique glyphs.
../encoder/mcufont filter DejaVuSans12bw.dat 0-255 0x2010-0x2015
Font originally had 5168 glyphs.
After filtering, 192 glyphs remain.
../encoder/mcufont rlefont_optimize DejaVuSans12bw.dat 50
Original size is 6418 bytes
Press ctrl-C at any time to stop.
Results are saved automatically after each iteration.
Limit is 50 iterations
iteration 1, size 4031 bytes, speed 143220 B/min
iteration 2, size 3539 bytes, speed 86370 B/min
iteration 3, size 3386 bytes, speed 90960 B/min
iteration 4, size 3257 bytes, speed 94830 B/min
iteration 5, size 3202 bytes, speed 64320 B/min
iteration 6, size 3171 bytes, speed 64940 B/min
iteration 7, size 3145 bytes, speed 65460 B/min
iteration 8, size 3104 bytes, speed 49710 B/min
iteration 9, size 3085 bytes, speed 49995 B/min
iteration 10, size 3047 bytes, speed 50565 B/min
iteration 11, size 3004 bytes, speed 40968 B/min
iteration 12, size 2982 bytes, speed 41232 B/min
iteration 13, size 2975 bytes, speed 41316 B/min
iteration 14, size 2971 bytes, speed 34470 B/min
iteration 15, size 2964 bytes, speed 34540 B/min
iteration 16, size 2958 bytes, speed 34600 B/min
iteration 17, size 2948 bytes, speed 29742 B/min
iteration 18, size 2941 bytes, speed 29802 B/min
iteration 19, size 2939 bytes, speed 29820 B/min
iteration 20, size 2936 bytes, speed 26115 B/min
iteration 21, size 2930 bytes, speed 26160 B/min
iteration 22, size 2929 bytes, speed 26167 B/min
iteration 23, size 2927 bytes, speed 23273 B/min
iteration 24, size 2924 bytes, speed 23293 B/min
iteration 25, size 2915 bytes, speed 23353 B/min
iteration 26, size 2914 bytes, speed 21024 B/min
iteration 27, size 2911 bytes, speed 21042 B/min
iteration 28, size 2908 bytes, speed 21060 B/min
iteration 29, size 2908 bytes, speed 19145 B/min
iteration 30, size 2907 bytes, speed 19150 B/min
iteration 31, size 2904 bytes, speed 19167 B/min
iteration 32, size 2902 bytes, speed 17580 B/min
iteration 33, size 2901 bytes, speed 17585 B/min
iteration 34, size 2897 bytes, speed 17605 B/min
iteration 35, size 2897 bytes, speed 16250 B/min
iteration 36, size 2897 bytes, speed 16250 B/min
iteration 37, size 2896 bytes, speed 16255 B/min
iteration 38, size 2887 bytes, speed 15132 B/min
iteration 39, size 2885 bytes, speed 15141 B/min
iteration 40, size 2884 bytes, speed 15145 B/min
iteration 41, size 2884 bytes, speed 14136 B/min
iteration 42, size 2883 bytes, speed 14140 B/min
iteration 43, size 2883 bytes, speed 14140 B/min
iteration 44, size 2883 bytes, speed 13256 B/min
iteration 45, size 2883 bytes, speed 13256 B/min
iteration 46, size 2881 bytes, speed 13263 B/min
iteration 47, size 2878 bytes, speed 12494 B/min
iteration 48, size 2878 bytes, speed 12494 B/min
iteration 49, size 2877 bytes, speed 12497 B/min
iteration 50, size 2875 bytes, speed 11810 B/min
../encoder/mcufont rlefont_export DejaVuSans12bw.dat
Wrote DejaVuSans12bw.c
../encoder/mcufont import_ttf DejaVuSerif.ttf 16
Importing DejaVuSerif.ttf to DejaVuSerif16.dat
Done: 3137 unique glyphs.
../encoder/mcufont filter DejaVuSerif16.dat 0-255 0x2010-0x2015
Font originally had 3137 glyphs.
After filtering, 193 glyphs remain.
../encoder/mcufont rlefont_optimize DejaVuSerif16.dat 50
Original size is 14460 bytes
Press ctrl-C at any time to stop.
Results are saved automatically after each iteration.
Limit is 50 iterations
iteration 1, size 10718 bytes, speed 112260 B/min
iteration 2, size 9765 bytes, speed 140850 B/min
iteration 3, size 9217 bytes, speed 104860 B/min
iteration 4, size 8990 bytes, speed 109400 B/min
iteration 5, size 8802 bytes, speed 84870 B/min
iteration 6, size 8653 bytes, speed 69684 B/min
iteration 7, size 8519 bytes, speed 71292 B/min
iteration 8, size 8449 bytes, speed 60110 B/min
iteration 9, size 8375 bytes, speed 52157 B/min
iteration 10, size 8324 bytes, speed 52594 B/min
iteration 11, size 8275 bytes, speed 46387 B/min
iteration 12, size 8233 bytes, speed 41513 B/min
iteration 13, size 8188 bytes, speed 41813 B/min
iteration 14, size 8175 bytes, speed 37710 B/min
iteration 15, size 8142 bytes, speed 34461 B/min
iteration 16, size 8120 bytes, speed 31700 B/min
iteration 17, size 8109 bytes, speed 31755 B/min
iteration 18, size 8067 bytes, speed 29506 B/min
iteration 19, size 8050 bytes, speed 27471 B/min
iteration 20, size 8016 bytes, speed 27617 B/min
iteration 21, size 7995 bytes, speed 25860 B/min
iteration 22, size 7983 bytes, speed 24288 B/min
iteration 23, size 7973 bytes, speed 22895 B/min
iteration 24, size 7968 bytes, speed 22912 B/min
iteration 25, size 7958 bytes, speed 21673 B/min
iteration 26, size 7940 bytes, speed 20589 B/min
iteration 27, size 7930 bytes, speed 19590 B/min
iteration 28, size 7921 bytes, speed 19617 B/min
iteration 29, size 7918 bytes, speed 18691 B/min
iteration 30, size 7911 bytes, speed 17860 B/min
iteration 31, size 7904 bytes, speed 17102 B/min
iteration 32, size 7888 bytes, speed 17144 B/min
iteration 33, size 7885 bytes, speed 16437 B/min
iteration 34, size 7876 bytes, speed 15801 B/min
iteration 35, size 7872 bytes, speed 15811 B/min
iteration 36, size 7868 bytes, speed 15212 B/min
iteration 37, size 7866 bytes, speed 14653 B/min
iteration 38, size 7863 bytes, speed 14136 B/min
iteration 39, size 7862 bytes, speed 14138 B/min
iteration 40, size 7859 bytes, speed 13657 B/min
iteration 41, size 7858 bytes, speed 13204 B/min
iteration 42, size 7856 bytes, speed 12781 B/min
iteration 43, size 7856 bytes, speed 12781 B/min
iteration 44, size 7853 bytes, speed 12388 B/min
iteration 45, size 7848 bytes, speed 12021 B/min
iteration 46, size 7847 bytes, speed 12023 B/min
iteration 47, size 7845 bytes, speed 11673 B/min
iteration 48, size 7842 bytes, speed 11345 B/min
iteration 49, size 7838 bytes, speed 11036 B/min
iteration 50, size 7831 bytes, speed 11048 B/min
../encoder/mcufont rlefont_export DejaVuSerif16.dat
Wrote DejaVuSerif16.c
../encoder/mcufont import_ttf DejaVuSerif.ttf 32
Importing DejaVuSerif.ttf to DejaVuSerif32.dat
Done: 3138 unique glyphs.
../encoder/mcufont filter DejaVuSerif32.dat 0-255 0x2010-0x2015
Font originally had 3138 glyphs.
After filtering, 193 glyphs remain.
../encoder/mcufont rlefont_optimize DejaVuSerif32.dat 50
Original size is 43556 bytes
Press ctrl-C at any time to stop.
Results are saved automatically after each iteration.
Limit is 50 iterations
iteration 1, size 26659 bytes, speed 337940 B/min
iteration 2, size 23665 bytes, speed 298365 B/min
iteration 3, size 21583 bytes, speed 219730 B/min
iteration 4, size 20662 bytes, speed 171705 B/min
iteration 5, size 19957 bytes, speed 141594 B/min
iteration 6, size 19401 bytes, speed 131754 B/min
iteration 7, size 19027 bytes, speed 113210 B/min
iteration 8, size 18833 bytes, speed 98892 B/min
iteration 9, size 18413 bytes, speed 88740 B/min
iteration 10, size 18275 bytes, speed 79834 B/min
iteration 11, size 18092 bytes, speed 72754 B/min
iteration 12, size 17899 bytes, speed 66931 B/min
iteration 13, size 17651 bytes, speed 62172 B/min
iteration 14, size 17623 bytes, speed 57628 B/min
iteration 15, size 17361 bytes, speed 54196 B/min
iteration 16, size 17263 bytes, speed 50889 B/min
iteration 17, size 17176 bytes, speed 47963 B/min
iteration 18, size 17100 bytes, speed 45353 B/min
iteration 19, size 17097 bytes, speed 42906 B/min
iteration 20, size 17055 bytes, speed 39751 B/min
iteration 21, size 16933 bytes, speed 38032 B/min
iteration 22, size 16882 bytes, speed 36373 B/min
iteration 23, size 16857 bytes, speed 34824 B/min
iteration 24, size 16803 bytes, speed 33441 B/min
iteration 25, size 16783 bytes, speed 32127 B/min
iteration 26, size 16744 bytes, speed 30936 B/min
iteration 27, size 16701 bytes, speed 29838 B/min
iteration 28, size 16686 bytes, speed 28789 B/min
iteration 29, size 16678 bytes, speed 27804 B/min
iteration 30, size 16670 bytes, speed 26886 B/min
iteration 31, size 16644 bytes, speed 26043 B/min
iteration 32, size 16607 bytes, speed 25264 B/min
iteration 33, size 16572 bytes, speed 24530 B/min
iteration 34, size 16569 bytes, speed 23812 B/min
iteration 35, size 16568 bytes, speed 23132 B/min
iteration 36, size 16558 bytes, speed 22498 B/min
iteration 37, size 16551 bytes, speed 21895 B/min
iteration 38, size 16548 bytes, speed 21045 B/min
iteration 39, size 16530 bytes, speed 20526 B/min
iteration 40, size 16480 bytes, speed 20056 B/min
iteration 41, size 16472 bytes, speed 19578 B/min
iteration 42, size 16441 bytes, speed 19140 B/min
iteration 43, size 16417 bytes, speed 18716 B/min
iteration 44, size 16388 bytes, speed 18315 B/min
iteration 45, size 16366 bytes, speed 17927 B/min
iteration 46, size 16349 bytes, speed 17552 B/min
iteration 47, size 16327 bytes, speed 17197 B/min
iteration 48, size 16323 bytes, speed 16845 B/min
iteration 49, size 16301 bytes, speed 16518 B/min
iteration 50, size 16273 bytes, speed 16207 B/min
../encoder/mcufont rlefont_export DejaVuSerif32.dat
Wrote DejaVuSerif32.c
../encoder/mcufont import_bdf fixed_5x8.bdf
Importing fixed_5x8.bdf to fixed_5x8.dat
Done: 217 unique glyphs.
../encoder/mcufont filter fixed_5x8.dat 0-255 0x2010-0x2015
Font originally had 217 glyphs.
After filtering, 217 glyphs remain.
../encoder/mcufont rlefont_optimize fixed_5x8.dat 50
Original size is 3686 bytes
Press ctrl-C at any time to stop.
Results are saved automatically after each iteration.
Limit is 50 iterations
iteration 1, size 2333 bytes, speed 40590 B/min
iteration 2, size 2251 bytes, speed 43050 B/min
iteration 3, size 2203 bytes, speed 44490 B/min
iteration 4, size 2163 bytes, speed 45690 B/min
iteration 5, size 2149 bytes, speed 46110 B/min
iteration 6, size 2142 bytes, speed 46320 B/min
iteration 7, size 2136 bytes, speed 31000 B/min
iteration 8, size 2127 bytes, speed 31180 B/min
iteration 9, size 2123 bytes, speed 31260 B/min
iteration 10, size 2122 bytes, speed 31280 B/min
iteration 11, size 2117 bytes, speed 31380 B/min
iteration 12, size 2117 bytes, speed 23535 B/min
iteration 13, size 2113 bytes, speed 23595 B/min
iteration 14, size 2111 bytes, speed 23625 B/min
iteration 15, size 2110 bytes, speed 23640 B/min
iteration 16, size 2109 bytes, speed 23655 B/min
iteration 17, size 2105 bytes, speed 18972 B/min
iteration 18, size 2103 bytes, speed 18996 B/min
iteration 19, size 2100 bytes, speed 19032 B/min
iteration 20, size 2098 bytes, speed 19056 B/min
iteration 21, size 2090 bytes, speed 19152 B/min
iteration 22, size 2085 bytes, speed 16010 B/min
iteration 23, size 2079 bytes, speed 16070 B/min
iteration 24, size 2072 bytes, speed 16140 B/min
iteration 25, size 2067 bytes, speed 16190 B/min
iteration 26, size 2067 bytes, speed 16190 B/min
iteration 27, size 2066 bytes, speed 13885 B/min
iteration 28, size 2066 bytes, speed 13885 B/min
iteration 29, size 2066 bytes, speed 13885 B/min
iteration 30, size 2066 bytes, speed 13885 B/min
iteration 31, size 2066 bytes, speed 13885 B/min
iteration 32, size 2066 bytes, speed 12150 B/min
iteration 33, size 2066 bytes, speed 12150 B/min
iteration 34, size 2066 bytes, speed 12150 B/min
iteration 35, size 2066 bytes, speed 12150 B/min
iteration 36, size 2066 bytes, speed 12150 B/min
iteration 37, size 2066 bytes, speed 12150 B/min
iteration 38, size 2066 bytes, speed 10800 B/min
iteration 39, size 2066 bytes, speed 10800 B/min
iteration 40, size 2066 bytes, speed 10800 B/min
iteration 41, size 2066 bytes, speed 10800 B/min
iteration 42, size 2066 bytes, speed 10800 B/min
iteration 43, size 2066 bytes, speed 9720 B/min
iteration 44, size 2066 bytes, speed 9720 B/min
iteration 45, size 2066 bytes, speed 9720 B/min
iteration 46, size 2066 bytes, speed 9720 B/min
iteration 47, size 2066 bytes, speed 9720 B/min
iteration 48, size 2066 bytes, speed 8836 B/min
iteration 49, size 2066 bytes, speed 8836 B/min
iteration 50, size 2066 bytes, speed 8836 B/min
../encoder/mcufont bwfont_export fixed_5x8.dat
Wrote fixed_5x8.c
../encoder/mcufont import_bdf fixed_7x14.bdf
Importing fixed_7x14.bdf to fixed_7x14.dat
Done: 218 unique glyphs.
../encoder/mcufont filter fixed_7x14.dat 0-255 0x2010-0x2015
Font originally had 218 glyphs.
After filtering, 218 glyphs remain.
../encoder/mcufont rlefont_optimize fixed_7x14.dat 50
Original size is 5494 bytes
Press ctrl-C at any time to stop.
Results are saved automatically after each iteration.
Limit is 50 iterations
iteration 1, size 3492 bytes, speed 120120 B/min
iteration 2, size 3306 bytes, speed 65640 B/min
iteration 3, size 3217 bytes, speed 68310 B/min
iteration 4, size 3142 bytes, speed 70560 B/min
iteration 5, size 3104 bytes, speed 71700 B/min
iteration 6, size 3053 bytes, speed 48820 B/min
iteration 7, size 3012 bytes, speed 49640 B/min
iteration 8, size 2986 bytes, speed 50160 B/min
iteration 9, size 2964 bytes, speed 37950 B/min
iteration 10, size 2937 bytes, speed 38355 B/min
iteration 11, size 2917 bytes, speed 38655 B/min
iteration 12, size 2899 bytes, speed 38925 B/min
iteration 13, size 2881 bytes, speed 31356 B/min
iteration 14, size 2864 bytes, speed 31560 B/min
iteration 15, size 2859 bytes, speed 31620 B/min
iteration 16, size 2855 bytes, speed 26390 B/min
iteration 17, size 2848 bytes, speed 26460 B/min
iteration 18, size 2843 bytes, speed 26510 B/min
iteration 19, size 2839 bytes, speed 26550 B/min
iteration 20, size 2833 bytes, speed 22808 B/min
iteration 21, size 2833 bytes, speed 22808 B/min
iteration 22, size 2830 bytes, speed 22834 B/min
iteration 23, size 2828 bytes, speed 19995 B/min
iteration 24, size 2825 bytes, speed 20017 B/min
iteration 25, size 2825 bytes, speed 20017 B/min
iteration 26, size 2824 bytes, speed 20025 B/min
iteration 27, size 2824 bytes, speed 17800 B/min
iteration 28, size 2822 bytes, speed 17813 B/min
iteration 29, size 2821 bytes, speed 17820 B/min
iteration 30, size 2819 bytes, speed 16050 B/min
iteration 31, size 2817 bytes, speed 16062 B/min
iteration 32, size 2816 bytes, speed 16068 B/min
iteration 33, size 2816 bytes, speed 16068 B/min
iteration 34, size 2813 bytes, speed 14623 B/min
iteration 35, size 2812 bytes, speed 14629 B/min
iteration 36, size 2810 bytes, speed 14640 B/min
iteration 37, size 2810 bytes, speed 13420 B/min
iteration 38, size 2808 bytes, speed 13430 B/min
iteration 39, size 2802 bytes, speed 13460 B/min
iteration 40, size 2790 bytes, speed 12480 B/min
iteration 41, size 2790 bytes, speed 12480 B/min
iteration 42, size 2788 bytes, speed 12489 B/min
iteration 43, size 2784 bytes, speed 11614 B/min
iteration 44, size 2784 bytes, speed 11614 B/min
iteration 45, size 2784 bytes, speed 11614 B/min
iteration 46, size 2783 bytes, speed 11618 B/min
iteration 47, size 2781 bytes, speed 10852 B/min
iteration 48, size 2780 bytes, speed 10856 B/min
iteration 49, size 2778 bytes, speed 10864 B/min
iteration 50, size 2778 bytes, speed 10185 B/min
../encoder/mcufont rlefont_export fixed_7x14.dat
Wrote fixed_7x14.c
../encoder/mcufont import_bdf fixed_10x20.bdf
Importing fixed_10x20.bdf to fixed_10x20.dat
Done: 218 unique glyphs.
../encoder/mcufont filter fixed_10x20.dat 0-255 0x2010-0x2015
Font originally had 218 glyphs.
After filtering, 218 glyphs remain.
../encoder/mcufont rlefont_optimize fixed_10x20.dat 50
Original size is 6039 bytes
Press ctrl-C at any time to stop.
Results are saved automatically after each iteration.
Limit is 50 iterations
iteration 1, size 4524 bytes, speed 90900 B/min
iteration 2, size 4199 bytes, speed 110400 B/min
iteration 3, size 4012 bytes, speed 60810 B/min
iteration 4, size 3853 bytes, speed 65580 B/min
iteration 5, size 3765 bytes, speed 45480 B/min
iteration 6, size 3741 bytes, speed 45960 B/min
iteration 7, size 3720 bytes, speed 46380 B/min
iteration 8, size 3685 bytes, speed 35310 B/min
iteration 9, size 3649 bytes, speed 35850 B/min
iteration 10, size 3621 bytes, speed 36270 B/min
iteration 11, size 3601 bytes, speed 29256 B/min
iteration 12, size 3590 bytes, speed 29388 B/min
iteration 13, size 3567 bytes, speed 24720 B/min
iteration 14, size 3558 bytes, speed 24810 B/min
iteration 15, size 3540 bytes, speed 24990 B/min
iteration 16, size 3531 bytes, speed 21497 B/min
iteration 17, size 3517 bytes, speed 21617 B/min
iteration 18, size 3511 bytes, speed 18960 B/min
iteration 19, size 3509 bytes, speed 18975 B/min
iteration 20, size 3504 bytes, speed 19012 B/min
iteration 21, size 3487 bytes, speed 17013 B/min
iteration 22, size 3472 bytes, speed 17113 B/min
iteration 23, size 3468 bytes, speed 15426 B/min
iteration 24, size 3464 bytes, speed 15450 B/min
iteration 25, size 3460 bytes, speed 15474 B/min
iteration 26, size 3456 bytes, speed 14089 B/min
iteration 27, size 3454 bytes, speed 14100 B/min
iteration 28, size 3451 bytes, speed 12940 B/min
iteration 29, size 3448 bytes, speed 12955 B/min
iteration 30, size 3446 bytes, speed 12965 B/min
iteration 31, size 3443 bytes, speed 11981 B/min
iteration 32, size 3442 bytes, speed 11986 B/min
iteration 33, size 3440 bytes, speed 11138 B/min
iteration 34, size 3440 bytes, speed 11138 B/min
iteration 35, size 3439 bytes, speed 11142 B/min
iteration 36, size 3439 bytes, speed 10400 B/min
iteration 37, size 3436 bytes, speed 10412 B/min
iteration 38, size 3435 bytes, speed 9765 B/min
iteration 39, size 3431 bytes, speed 9780 B/min
iteration 40, size 3429 bytes, speed 9787 B/min
iteration 41, size 3426 bytes, speed 9222 B/min
iteration 42, size 3425 bytes, speed 9225 B/min
iteration 43, size 3425 bytes, speed 8713 B/min
iteration 44, size 3422 bytes, speed 8723 B/min
iteration 45, size 3422 bytes, speed 8723 B/min
iteration 46, size 3421 bytes, speed 8267 B/min
iteration 47, size 3418 bytes, speed 8276 B/min
iteration 48, size 3417 bytes, speed 7866 B/min
iteration 49, size 3412 bytes, speed 7881 B/min
iteration 50, size 3410 bytes, speed 7887 B/min
../encoder/mcufont rlefont_export fixed_10x20.dat
Wrote fixed_10x20.c
cp DejaVuSans12bw.dat DejaVuSans12bw_bwfont.dat
../encoder/mcufont bwfont_export DejaVuSans12bw_bwfont.dat
Wrote DejaVuSans12bw_bwfont.c
/bin/echo -e '\n#include "'DejaVuSans12'.c"' '\n#include "'DejaVuSans12bw'.c"' '\n#include "'DejaVuSerif16'.c"' '\n#include "'DejaVuSerif32'.c"' '\n#include "'fixed_5x8'.c"' '\n#include "'fixed_7x14'.c"' '\n#include "'fixed_10x20'.c"' '\n#include "'DejaVuSans12bw_bwfont'.c"' > fonts.h
